[2023-05-08 23:38:26] [info] Start Program:
Path:"C:\Users\musat\source\repos\OfertaLab6\x64\Debug\OfertaLab6.exe"
Arguments:
Working directory: "C:\Users\musat\source\repos\OfertaLab6\OfertaLab6\"
Modules: Selected: C:\Users\musat\source\repos\OfertaLab6\x64\Debug\OfertaLab6.exe Excluded: 
Sources: Selected: C:\Users\musat\source\repos\OfertaLab6\OfertaLab6 Excluded: console.cpp 
Log Level: Normal
Cover Children: 0
Aggregate by file: 1
Continue after C++ exception: 0
Optimized build support: 0
Export: Binary C:\Users\musat\AppData\Local\Temp\l5uqhdet.dud 
Input coverage: 
Unified diff: 
Excluded line regular expressions: 
Substitute pdb source paths: 

[2023-05-08 23:38:26] [info] Module: C:\Users\musat\source\repos\OfertaLab6\x64\Debug\OfertaLab6.exe is selected because it matches selected pattern: C:\Users\musat\source\repos\OfertaLab6\x64\Debug\OfertaLab6.exe
[2023-05-08 23:38:26] [info] ----------------------------------------------------
[2023-05-08 23:38:26] [info] Coverage binary generated in file: C:\Users\musat\AppData\Local\Temp\l5uqhdet.dud
[2023-05-08 23:38:26] [info] ----------------------------------------------------
